{"level":"error","message":"Error connecting to MongoDB: connect ECONNREFUSED 127.0.0.1:27017","timestamp":"2026-06-16 12:47:43"}
{"level":"error","message":"Error connecting to MongoDB: connect ECONNREFUSED 127.0.0.1:27017","timestamp":"2026-06-16 12:49:12"}
{"level":"error","message":"TypeError: Cannot set property query of #<IncomingMessage> which has only a getter\n    at F:\\OneDrive\\Desktop\\darkBackend\\node_modules\\express-mongo-sanitize\\index.js:113:18\n    at Array.forEach (<anonymous>)\n    at F:\\OneDrive\\Desktop\\darkBackend\\node_modules\\express-mongo-sanitize\\index.js:110:44\n    at Layer.handleRequest (F:\\OneDrive\\Desktop\\darkBackend\\node_modules\\router\\lib\\layer.js:152:17)\n    at trimPrefix (F:\\OneDrive\\Desktop\\darkBackend\\node_modules\\router\\index.js:342:13)\n    at F:\\OneDrive\\Desktop\\darkBackend\\node_modules\\router\\index.js:297:9\n    at processParams (F:\\OneDrive\\Desktop\\darkBackend\\node_modules\\router\\index.js:582:12)\n    at next (F:\\OneDrive\\Desktop\\darkBackend\\node_modules\\router\\index.js:291:5)\n    at cookieParser (F:\\OneDrive\\Desktop\\darkBackend\\node_modules\\cookie-parser\\index.js:57:14)\n    at Layer.handleRequest (F:\\OneDrive\\Desktop\\darkBackend\\node_modules\\router\\lib\\layer.js:152:17)","timestamp":"2026-06-16 15:12:01"}
{"level":"error","message":"TypeError: Cannot set property query of #<IncomingMessage> which has only a getter\n    at F:\\OneDrive\\Desktop\\darkBackend\\node_modules\\express-mongo-sanitize\\index.js:113:18\n    at Array.forEach (<anonymous>)\n    at F:\\OneDrive\\Desktop\\darkBackend\\node_modules\\express-mongo-sanitize\\index.js:110:44\n    at Layer.handleRequest (F:\\OneDrive\\Desktop\\darkBackend\\node_modules\\router\\lib\\layer.js:152:17)\n    at trimPrefix (F:\\OneDrive\\Desktop\\darkBackend\\node_modules\\router\\index.js:342:13)\n    at F:\\OneDrive\\Desktop\\darkBackend\\node_modules\\router\\index.js:297:9\n    at processParams (F:\\OneDrive\\Desktop\\darkBackend\\node_modules\\router\\index.js:582:12)\n    at next (F:\\OneDrive\\Desktop\\darkBackend\\node_modules\\router\\index.js:291:5)\n    at cookieParser (F:\\OneDrive\\Desktop\\darkBackend\\node_modules\\cookie-parser\\index.js:57:14)\n    at Layer.handleRequest (F:\\OneDrive\\Desktop\\darkBackend\\node_modules\\router\\lib\\layer.js:152:17)","timestamp":"2026-06-16 15:12:08"}
{"level":"error","message":"TypeError: Cannot set property query of #<IncomingMessage> which has only a getter\n    at F:\\OneDrive\\Desktop\\darkBackend\\node_modules\\express-mongo-sanitize\\index.js:113:18\n    at Array.forEach (<anonymous>)\n    at F:\\OneDrive\\Desktop\\darkBackend\\node_modules\\express-mongo-sanitize\\index.js:110:44\n    at Layer.handleRequest (F:\\OneDrive\\Desktop\\darkBackend\\node_modules\\router\\lib\\layer.js:152:17)\n    at trimPrefix (F:\\OneDrive\\Desktop\\darkBackend\\node_modules\\router\\index.js:342:13)\n    at F:\\OneDrive\\Desktop\\darkBackend\\node_modules\\router\\index.js:297:9\n    at processParams (F:\\OneDrive\\Desktop\\darkBackend\\node_modules\\router\\index.js:582:12)\n    at next (F:\\OneDrive\\Desktop\\darkBackend\\node_modules\\router\\index.js:291:5)\n    at cookieParser (F:\\OneDrive\\Desktop\\darkBackend\\node_modules\\cookie-parser\\index.js:57:14)\n    at Layer.handleRequest (F:\\OneDrive\\Desktop\\darkBackend\\node_modules\\router\\lib\\layer.js:152:17)","timestamp":"2026-06-16 15:13:15"}
{"level":"error","message":"TypeError: Cannot set property query of #<IncomingMessage> which has only a getter\n    at F:\\OneDrive\\Desktop\\darkBackend\\node_modules\\express-mongo-sanitize\\index.js:113:18\n    at Array.forEach (<anonymous>)\n    at F:\\OneDrive\\Desktop\\darkBackend\\node_modules\\express-mongo-sanitize\\index.js:110:44\n    at Layer.handleRequest (F:\\OneDrive\\Desktop\\darkBackend\\node_modules\\router\\lib\\layer.js:152:17)\n    at trimPrefix (F:\\OneDrive\\Desktop\\darkBackend\\node_modules\\router\\index.js:342:13)\n    at F:\\OneDrive\\Desktop\\darkBackend\\node_modules\\router\\index.js:297:9\n    at processParams (F:\\OneDrive\\Desktop\\darkBackend\\node_modules\\router\\index.js:582:12)\n    at next (F:\\OneDrive\\Desktop\\darkBackend\\node_modules\\router\\index.js:291:5)\n    at cookieParser (F:\\OneDrive\\Desktop\\darkBackend\\node_modules\\cookie-parser\\index.js:57:14)\n    at Layer.handleRequest (F:\\OneDrive\\Desktop\\darkBackend\\node_modules\\router\\lib\\layer.js:152:17)","timestamp":"2026-06-16 15:13:50"}
{"level":"error","message":"TypeError: Cannot set property query of #<IncomingMessage> which has only a getter\n    at F:\\OneDrive\\Desktop\\darkBackend\\node_modules\\express-mongo-sanitize\\index.js:113:18\n    at Array.forEach (<anonymous>)\n    at F:\\OneDrive\\Desktop\\darkBackend\\node_modules\\express-mongo-sanitize\\index.js:110:44\n    at Layer.handleRequest (F:\\OneDrive\\Desktop\\darkBackend\\node_modules\\router\\lib\\layer.js:152:17)\n    at trimPrefix (F:\\OneDrive\\Desktop\\darkBackend\\node_modules\\router\\index.js:342:13)\n    at F:\\OneDrive\\Desktop\\darkBackend\\node_modules\\router\\index.js:297:9\n    at processParams (F:\\OneDrive\\Desktop\\darkBackend\\node_modules\\router\\index.js:582:12)\n    at next (F:\\OneDrive\\Desktop\\darkBackend\\node_modules\\router\\index.js:291:5)\n    at cookieParser (F:\\OneDrive\\Desktop\\darkBackend\\node_modules\\cookie-parser\\index.js:57:14)\n    at Layer.handleRequest (F:\\OneDrive\\Desktop\\darkBackend\\node_modules\\router\\lib\\layer.js:152:17)","timestamp":"2026-06-16 15:14:58"}
{"level":"error","message":"TypeError: Cannot set property query of #<IncomingMessage> which has only a getter\n    at F:\\OneDrive\\Desktop\\darkBackend\\node_modules\\xss-clean\\lib\\index.js:8:30\n    at Layer.handleRequest (F:\\OneDrive\\Desktop\\darkBackend\\node_modules\\router\\lib\\layer.js:152:17)\n    at trimPrefix (F:\\OneDrive\\Desktop\\darkBackend\\node_modules\\router\\index.js:342:13)\n    at F:\\OneDrive\\Desktop\\darkBackend\\node_modules\\router\\index.js:297:9\n    at processParams (F:\\OneDrive\\Desktop\\darkBackend\\node_modules\\router\\index.js:582:12)\n    at next (F:\\OneDrive\\Desktop\\darkBackend\\node_modules\\router\\index.js:291:5)\n    at cookieParser (F:\\OneDrive\\Desktop\\darkBackend\\node_modules\\cookie-parser\\index.js:57:14)\n    at Layer.handleRequest (F:\\OneDrive\\Desktop\\darkBackend\\node_modules\\router\\lib\\layer.js:152:17)\n    at trimPrefix (F:\\OneDrive\\Desktop\\darkBackend\\node_modules\\router\\index.js:342:13)\n    at F:\\OneDrive\\Desktop\\darkBackend\\node_modules\\router\\index.js:297:9","timestamp":"2026-06-16 15:15:16"}
{"level":"error","message":"TypeError: Cannot set property query of #<IncomingMessage> which has only a getter\n    at F:\\OneDrive\\Desktop\\darkBackend\\node_modules\\xss-clean\\lib\\index.js:8:30\n    at Layer.handleRequest (F:\\OneDrive\\Desktop\\darkBackend\\node_modules\\router\\lib\\layer.js:152:17)\n    at trimPrefix (F:\\OneDrive\\Desktop\\darkBackend\\node_modules\\router\\index.js:342:13)\n    at F:\\OneDrive\\Desktop\\darkBackend\\node_modules\\router\\index.js:297:9\n    at processParams (F:\\OneDrive\\Desktop\\darkBackend\\node_modules\\router\\index.js:582:12)\n    at next (F:\\OneDrive\\Desktop\\darkBackend\\node_modules\\router\\index.js:291:5)\n    at cookieParser (F:\\OneDrive\\Desktop\\darkBackend\\node_modules\\cookie-parser\\index.js:57:14)\n    at Layer.handleRequest (F:\\OneDrive\\Desktop\\darkBackend\\node_modules\\router\\lib\\layer.js:152:17)\n    at trimPrefix (F:\\OneDrive\\Desktop\\darkBackend\\node_modules\\router\\index.js:342:13)\n    at F:\\OneDrive\\Desktop\\darkBackend\\node_modules\\router\\index.js:297:9","timestamp":"2026-06-16 15:15:45"}
{"level":"error","message":"Register Error: next is not a function","timestamp":"2026-06-16 15:18:18"}
{"level":"error","message":"Register Error: next is not a function","timestamp":"2026-06-16 15:22:16"}
{"level":"error","message":"Register Error: next is not a function","timestamp":"2026-06-16 15:22:30"}
{"level":"error","message":"Register Error: next is not a function","timestamp":"2026-06-16 15:23:53"}
{"level":"error","message":"Register Error: next is not a function","timestamp":"2026-06-16 15:24:08"}
{"level":"error","message":"Register Error: next is not a function","timestamp":"2026-06-16 15:26:34"}
{"level":"error","message":"Register Error: next is not a function","timestamp":"2026-06-16 15:26:58"}
{"level":"error","message":"Register Error: next is not a function","timestamp":"2026-06-16 15:28:20"}
{"level":"error","message":"Login Error: Illegal arguments: string, undefined","timestamp":"2026-06-16 15:36:58"}
{"level":"error","message":"Login Error: Illegal arguments: string, undefined","timestamp":"2026-06-16 15:37:02"}
{"level":"error","message":"Login Error: Illegal arguments: string, undefined","timestamp":"2026-06-16 15:37:05"}
{"level":"error","message":"Login Error: Illegal arguments: string, undefined","timestamp":"2026-06-16 15:37:56"}
{"level":"error","message":"Login Error: Illegal arguments: string, undefined","timestamp":"2026-06-16 15:39:12"}
{"level":"error","message":"Login Error: Illegal arguments: string, undefined","timestamp":"2026-06-16 15:39:20"}
{"level":"error","message":"Login Error: Illegal arguments: string, undefined","timestamp":"2026-06-16 15:39:21"}
{"level":"error","message":"Login Error: Illegal arguments: string, undefined","timestamp":"2026-06-16 15:42:10"}
{"level":"error","message":"Register Error: Email already registered","timestamp":"2026-06-16 15:42:34"}
{"level":"error","message":"Login Error: Illegal arguments: string, undefined","timestamp":"2026-06-16 15:43:35"}
{"level":"error","message":"Login Error: Illegal arguments: string, undefined","timestamp":"2026-06-16 15:45:15"}
{"level":"error","message":"Login Error: Illegal arguments: string, undefined","timestamp":"2026-06-16 15:45:48"}
{"level":"error","message":"Login Error: Illegal arguments: string, undefined","timestamp":"2026-06-16 15:46:10"}
{"level":"error","message":"Login Error: Illegal arguments: string, undefined","timestamp":"2026-06-16 15:47:57"}
{"level":"error","message":"Login Error: Illegal arguments: string, undefined","timestamp":"2026-06-16 15:47:59"}
{"level":"error","message":"Login Error: Illegal arguments: string, undefined","timestamp":"2026-06-16 15:49:01"}
{"level":"error","message":"Login Error: Illegal arguments: string, undefined","timestamp":"2026-06-16 15:49:18"}
{"level":"error","message":"Login Error: Illegal arguments: string, undefined","timestamp":"2026-06-16 15:51:04"}
{"level":"error","message":"Login Error: Illegal arguments: string, undefined","timestamp":"2026-06-16 15:51:05"}
{"level":"error","message":"Login Error: Illegal arguments: string, undefined","timestamp":"2026-06-16 15:51:06"}
{"level":"error","message":"Register Error: Email already registered","timestamp":"2026-06-18 10:42:33"}
{"level":"error","message":"Register Error: Email already registered","timestamp":"2026-06-18 10:42:42"}
{"level":"error","message":"Error sending email to lakhangupta53224@gmail.com: invalid_grant","timestamp":"2026-06-18 10:42:42"}
{"level":"error","message":"Error sending email to lakhangupta53224@gmail.com: invalid_grant","timestamp":"2026-06-18 10:42:42"}
{"level":"error","message":"SyntaxError: Expected property name or '}' in JSON at position 1 (line 1 column 2)\n    at JSON.parse (<anonymous>)\n    at parse (F:\\OneDrive\\Desktop\\darkBackend\\node_modules\\body-parser\\lib\\types\\json.js:91:21)\n    at F:\\OneDrive\\Desktop\\darkBackend\\node_modules\\body-parser\\lib\\read.js:162:18\n    at AsyncResource.runInAsyncScope (node:async_hooks:214:14)\n    at invokeCallback (F:\\OneDrive\\Desktop\\darkBackend\\node_modules\\raw-body\\index.js:238:16)\n    at done (F:\\OneDrive\\Desktop\\darkBackend\\node_modules\\raw-body\\index.js:227:7)\n    at IncomingMessage.onEnd (F:\\OneDrive\\Desktop\\darkBackend\\node_modules\\raw-body\\index.js:287:7)\n    at IncomingMessage.emit (node:events:519:28)\n    at endReadableNT (node:internal/streams/readable:1698:12)\n    at process.processTicksAndRejections (node:internal/process/task_queues:90:21)","timestamp":"2026-06-18 10:44:28"}
{"level":"error","message":"Register Error: Cannot read properties of undefined (reading 'email')","timestamp":"2026-06-18 10:44:57"}
{"level":"error","message":"Error sending email to lakhanguptasrimt@gmail.com: invalid_grant","timestamp":"2026-06-19 11:13:23"}
{"level":"error","message":"Error sending email to lakhanguptasrimt@gmail.com: invalid_grant","timestamp":"2026-06-19 11:13:23"}
{"level":"error","message":"Create Category Error: E11000 duplicate key error collection: ecommerce.categories index: slug_1 dup key: { slug: null }","timestamp":"2026-06-19 11:22:03"}
{"level":"error","message":"Create Category Error: E11000 duplicate key error collection: ecommerce.categories index: slug_1 dup key: { slug: null }","timestamp":"2026-06-19 11:22:06"}
{"level":"error","message":"Create Category Error: E11000 duplicate key error collection: ecommerce.categories index: slug_1 dup key: { slug: null }","timestamp":"2026-06-19 11:22:10"}
{"level":"error","message":"Create Category Error: E11000 duplicate key error collection: ecommerce.categories index: slug_1 dup key: { slug: null }","timestamp":"2026-06-19 11:22:12"}
{"level":"error","message":"Create Category Error: E11000 duplicate key error collection: ecommerce.categories index: slug_1 dup key: { slug: null }","timestamp":"2026-06-19 11:22:13"}
{"level":"error","message":"Create Category Error: E11000 duplicate key error collection: ecommerce.categories index: slug_1 dup key: { slug: null }","timestamp":"2026-06-19 11:22:14"}
{"level":"error","message":"Create Category Error: E11000 duplicate key error collection: ecommerce.categories index: slug_1 dup key: { slug: null }","timestamp":"2026-06-19 11:22:15"}
{"level":"error","message":"Get Categories with Subs Error: Cannot populate path `subcategories` because it is not in your schema. Set the `strictPopulate` option to false to override.","timestamp":"2026-06-19 11:31:11"}
{"level":"error","message":"Get Categories with Subs Error: Cannot populate path `subcategories` because it is not in your schema. Set the `strictPopulate` option to false to override.","timestamp":"2026-06-19 11:31:27"}
{"level":"error","message":"Get Categories with Subs Error: Cannot populate path `subcategories` because it is not in your schema. Set the `strictPopulate` option to false to override.","timestamp":"2026-06-19 11:31:29"}
{"level":"error","message":"Get Category By Slug Error: Category not found","timestamp":"2026-06-19 11:32:52"}
{"level":"error","message":"Get Category By Slug Error: Category not found","timestamp":"2026-06-19 11:33:17"}
{"level":"error","message":"Get Category By Slug Error: Category not found","timestamp":"2026-06-19 11:36:20"}
{"level":"error","message":"Get Category By Slug Error: Category not found","timestamp":"2026-06-19 11:36:27"}
{"level":"error","message":"Get Category By Slug Error: Category not found","timestamp":"2026-06-19 12:10:56"}
{"level":"error","message":"Get Category By Slug Error: Category not found","timestamp":"2026-06-19 12:28:58"}
{"level":"error","message":"Get Category By Slug Error: Category not found","timestamp":"2026-06-19 12:32:20"}
{"level":"error","message":"Refresh Token Error: jwt malformed","timestamp":"2026-06-19 12:32:22"}
{"level":"error","message":"Get Products Error: Invalid status code: 1. Status code must be greater than 99 and less than 1000.","timestamp":"2026-06-19 15:32:57"}
{"level":"error","message":"Get Products Error: Invalid status code: 1. Status code must be greater than 99 and less than 1000.","timestamp":"2026-06-19 15:33:33"}
{"level":"error","message":"Get Products Error: Invalid status code: 1. Status code must be greater than 99 and less than 1000.","timestamp":"2026-06-19 15:33:40"}
{"level":"error","message":"Get Products Error: Invalid status code: 1. Status code must be greater than 99 and less than 1000.","timestamp":"2026-06-19 15:35:41"}
{"level":"error","message":"Get Products Error: Invalid status code: 1. Status code must be greater than 99 and less than 1000.","timestamp":"2026-06-19 15:35:47"}
{"level":"error","message":"Get Products Error: Invalid status code: 1. Status code must be greater than 99 and less than 1000.","timestamp":"2026-06-19 15:36:14"}
{"level":"error","message":"Get Products Error: Invalid status code: 1. Status code must be greater than 99 and less than 1000.","timestamp":"2026-06-19 15:36:19"}
{"level":"error","message":"Get Products Error: Invalid status code: 1. Status code must be greater than 99 and less than 1000.","timestamp":"2026-06-19 15:38:04"}
{"level":"error","message":"Get Products Error: Cannot populate path `category` because it is not in your schema. Set the `strictPopulate` option to false to override.","timestamp":"2026-06-19 15:39:33"}
{"level":"error","message":"Get Products Error: Cannot populate path `category` because it is not in your schema. Set the `strictPopulate` option to false to override.","timestamp":"2026-06-19 15:39:36"}
{"level":"error","message":"Get Products Error: Invalid status code: 1. Status code must be greater than 99 and less than 1000.","timestamp":"2026-06-19 15:44:10"}
{"level":"error","message":"Get Products Error: Invalid status code: 1. Status code must be greater than 99 and less than 1000.","timestamp":"2026-06-19 15:44:12"}
{"level":"error","message":"Get Products Error: Invalid status code: 1. Status code must be greater than 99 and less than 1000.","timestamp":"2026-06-19 15:44:31"}
{"level":"error","message":"Get Products Error: Invalid status code: 1. Status code must be greater than 99 and less than 1000.","timestamp":"2026-06-19 15:44:31"}
{"level":"error","message":"Get Products Error: Invalid status code: 1. Status code must be greater than 99 and less than 1000.","timestamp":"2026-06-19 15:46:03"}
{"level":"error","message":"Get Products Error: Invalid status code: 1. Status code must be greater than 99 and less than 1000.","timestamp":"2026-06-19 15:46:05"}
{"level":"error","message":"Get Products Error: Invalid status code: 1. Status code must be greater than 99 and less than 1000.","timestamp":"2026-06-19 15:46:05"}
{"level":"error","message":"Get Products Error: Invalid status code: 1. Status code must be greater than 99 and less than 1000.","timestamp":"2026-06-19 15:46:17"}
